[debug] [2021-11-13T20:24:45.376Z] ----------------------------------------------------------------------
[debug] [2021-11-13T20:24:45.378Z] Command:       /usr/local/bin/node /usr/local/bin/firebase emulators:start
[debug] [2021-11-13T20:24:45.379Z] CLI Version:   9.22.0
[debug] [2021-11-13T20:24:45.379Z] Platform:      darwin
[debug] [2021-11-13T20:24:45.379Z] Node Version:  v14.17.3
[debug] [2021-11-13T20:24:45.380Z] Time:          Sat Nov 13 2021 15:24:45 GMT-0500 (Eastern Standard Time)
[debug] [2021-11-13T20:24:45.380Z] ----------------------------------------------------------------------
[debug] 
[debug] [2021-11-13T20:24:45.383Z] >>> [apiv2][query] GET https://firebase-public.firebaseio.com/cli.json [none]
[debug] [2021-11-13T20:24:45.459Z] > command requires scopes: ["email","openid","https://www.googleapis.com/auth/cloudplatformprojects.readonly","https://www.googleapis.com/auth/firebase","https://www.googleapis.com/auth/cloud-platform"]
[debug] [2021-11-13T20:24:45.460Z] > authorizing via signed-in user (dkrem21@gmail.com)
[info] i  emulators: Starting emulators: functions, hosting {"metadata":{"emulator":{"name":"hub"},"message":"Starting emulators: functions, hosting"}}
[debug] [2021-11-13T20:24:45.492Z] [hub] writing locator at /var/folders/5j/hz2yw0x12t9b3y1vtg6b2r780000gn/T/hub-clone-a85db.json
[warn] ⚠  functions: The following emulators are not running, calls to these services from the Functions emulator will affect production: auth, firestore, database, pubsub, storage {"metadata":{"emulator":{"name":"functions"},"message":"The following emulators are not running, calls to these services from the Functions emulator will affect production: \u001b[1mauth, firestore, database, pubsub, storage\u001b[22m"}}
[info] ✔  functions: Using node@14 from host. {"metadata":{"emulator":{"name":"functions"},"message":"Using node@14 from host."}}
[debug] [2021-11-13T20:24:45.547Z] defaultcredentials: writing to file /Users/davidkremenitzer/.config/firebase/dkrem21_gmail_com_application_default_credentials.json
[debug] [2021-11-13T20:24:45.560Z] Setting GAC to /Users/davidkremenitzer/.config/firebase/dkrem21_gmail_com_application_default_credentials.json {"metadata":{"emulator":{"name":"functions"},"message":"Setting GAC to /Users/davidkremenitzer/.config/firebase/dkrem21_gmail_com_application_default_credentials.json"}}
[debug] [2021-11-13T20:24:45.562Z] > refreshing access token with scopes: []
[debug] [2021-11-13T20:24:45.563Z] >>> HTTP REQUEST POST https://www.googleapis.com/oauth2/v3/token  
 <request body omitted>
[debug] [2021-11-13T20:24:45.655Z] <<< [apiv2][status] GET https://firebase-public.firebaseio.com/cli.json 200
[debug] [2021-11-13T20:24:45.656Z] <<< [apiv2][body] GET https://firebase-public.firebaseio.com/cli.json {"cloudBuildErrorAfter":1594252800000,"cloudBuildWarnAfter":1590019200000,"defaultNode10After":1594252800000,"minVersion":"3.0.5","node8DeploysDisabledAfter":1613390400000,"node8RuntimeDisabledAfter":1615809600000,"node8WarnAfter":1600128000000}
[debug] [2021-11-13T20:24:45.702Z] <<< HTTP RESPONSE 200 {"cache-control":"no-cache, no-store, max-age=0, must-revalidate","date":"Sat, 13 Nov 2021 20:24:46 GMT","expires":"Mon, 01 Jan 1990 00:00:00 GMT","pragma":"no-cache","content-type":"application/json; charset=utf-8","vary":"X-Origin, Referer, Origin,Accept-Encoding","server":"scaffolding on HTTPServer2","x-xss-protection":"0","x-frame-options":"SAMEORIGIN","x-content-type-options":"nosniff","alt-svc":"clear","accept-ranges":"none","transfer-encoding":"chunked"}
[debug] [2021-11-13T20:24:45.748Z] >>> [apiv2][query] GET https://firebase.googleapis.com/v1beta1/projects/clone-a85db/adminSdkConfig [none]
[debug] [2021-11-13T20:24:46.037Z] <<< [apiv2][status] GET https://firebase.googleapis.com/v1beta1/projects/clone-a85db/adminSdkConfig 200
[debug] [2021-11-13T20:24:46.037Z] <<< [apiv2][body] GET https://firebase.googleapis.com/v1beta1/projects/clone-a85db/adminSdkConfig {"projectId":"clone-a85db","storageBucket":"clone-a85db.appspot.com","locationId":"us-central"}
[debug] [2021-11-13T20:24:46.070Z] >>> [apiv2][query] GET https://firebasehosting.googleapis.com/v1beta1/projects/clone-a85db/sites 
[debug] [2021-11-13T20:24:46.423Z] <<< [apiv2][status] GET https://firebasehosting.googleapis.com/v1beta1/projects/clone-a85db/sites 200
[debug] [2021-11-13T20:24:46.424Z] <<< [apiv2][body] GET https://firebasehosting.googleapis.com/v1beta1/projects/clone-a85db/sites {"sites":[{"name":"projects/1084861365885/sites/clone-a85db","defaultUrl":"https://clone-a85db.web.app","appId":"1:1084861365885:web:ee48be7b173282c348fb14","type":"DEFAULT_SITE"}]}
[debug] [2021-11-13T20:24:46.424Z] >>> [apiv2][query] GET https://firebase.googleapis.com/v1beta1/projects/clone-a85db/webApps/1:1084861365885:web:ee48be7b173282c348fb14/config [none]
[debug] [2021-11-13T20:24:46.991Z] <<< [apiv2][status] GET https://firebase.googleapis.com/v1beta1/projects/clone-a85db/webApps/1:1084861365885:web:ee48be7b173282c348fb14/config 200
[debug] [2021-11-13T20:24:46.991Z] <<< [apiv2][body] GET https://firebase.googleapis.com/v1beta1/projects/clone-a85db/webApps/1:1084861365885:web:ee48be7b173282c348fb14/config {"projectId":"clone-a85db","appId":"1:1084861365885:web:ee48be7b173282c348fb14","storageBucket":"clone-a85db.appspot.com","locationId":"us-central","apiKey":"AIzaSyDgOmZPCr1K32VOWYnAgv9Hb-ans6yQ35I","authDomain":"clone-a85db.firebaseapp.com","messagingSenderId":"1084861365885","measurementId":"G-40WFTP9LDL"}
[info] i  hosting: Serving hosting files from: build {"metadata":{"emulator":{"name":"hosting"},"message":"Serving hosting files from: \u001b[1mbuild\u001b[22m"}}
[info] ✔  hosting: Local server: http://localhost:5000 {"metadata":{"emulator":{"name":"hosting"},"message":"Local server: \u001b[4m\u001b[1mhttp://localhost:5000\u001b[22m\u001b[24m"}}
[debug] [2021-11-13T20:24:47.054Z] Ignoring unsupported arg: auto_download {"metadata":{"emulator":{"name":"ui"},"message":"Ignoring unsupported arg: auto_download"}}
[debug] [2021-11-13T20:24:47.055Z] Ignoring unsupported arg: port {"metadata":{"emulator":{"name":"ui"},"message":"Ignoring unsupported arg: port"}}
[debug] [2021-11-13T20:24:47.055Z] Starting Emulator UI with command {"binary":"node","args":["/Users/davidkremenitzer/.cache/firebase/emulators/ui-v1.6.4/server.bundle.js"],"optionalArgs":[],"joinArgs":false} {"metadata":{"emulator":{"name":"ui"},"message":"Starting Emulator UI with command {\"binary\":\"node\",\"args\":[\"/Users/davidkremenitzer/.cache/firebase/emulators/ui-v1.6.4/server.bundle.js\"],\"optionalArgs\":[],\"joinArgs\":false}"}}
[info] i  ui: Emulator UI logging to ui-debug.log {"metadata":{"emulator":{"name":"ui"},"message":"Emulator UI logging to \u001b[1mui-debug.log\u001b[22m"}}
[debug] [2021-11-13T20:24:47.213Z] Web / API server started at localhost:4000
 {"metadata":{"emulator":{"name":"ui"},"message":"Web / API server started at localhost:4000\n"}}
[info] i  functions: Watching "/Users/davidkremenitzer/Desktop/amazon-clone /functions" for Cloud Functions... {"metadata":{"emulator":{"name":"functions"},"message":"Watching \"/Users/davidkremenitzer/Desktop/amazon-clone /functions\" for Cloud Functions..."}}
[debug] [2021-11-13T20:24:47.347Z] [worker-pool] addWorker(~diagnostic~) {"metadata":{"emulator":{"name":"functions"},"message":"[worker-pool] addWorker(~diagnostic~)"}}
[debug] [2021-11-13T20:24:47.348Z] [worker-pool] Adding worker with key ~diagnostic~, total=1 {"metadata":{"emulator":{"name":"functions"},"message":"[worker-pool] Adding worker with key ~diagnostic~, total=1"}}
[debug] [2021-11-13T20:24:47.348Z] [worker-pool] submitWork(triggerId=) {"metadata":{"emulator":{"name":"functions"},"message":"[worker-pool] submitWork(triggerId=)"}}
[debug] [2021-11-13T20:24:47.349Z] [worker-~diagnostic~-b009762f-d335-48f8-b686-dad21e4a9974]: Assigning socketPath: /var/folders/5j/hz2yw0x12t9b3y1vtg6b2r780000gn/T/fire_emu_8789.sock {"metadata":{"emulator":{"name":"functions"},"message":"[worker-~diagnostic~-b009762f-d335-48f8-b686-dad21e4a9974]: Assigning socketPath: /var/folders/5j/hz2yw0x12t9b3y1vtg6b2r780000gn/T/fire_emu_8789.sock"}}
[debug] [2021-11-13T20:24:47.349Z] [worker-~diagnostic~-b009762f-d335-48f8-b686-dad21e4a9974]: BUSY {"metadata":{"emulator":{"name":"functions"},"message":"[worker-~diagnostic~-b009762f-d335-48f8-b686-dad21e4a9974]: BUSY"}}
[debug] [2021-11-13T20:24:47.534Z] [runtime-status] [8789] Functions runtime initialized. {"cwd":"/Users/davidkremenitzer/Desktop/amazon-clone /functions","node_version":"14.17.3"} {"metadata":{"emulator":{"name":"functions"},"message":"[runtime-status] [8789] Functions runtime initialized. {\"cwd\":\"/Users/davidkremenitzer/Desktop/amazon-clone /functions\",\"node_version\":\"14.17.3\"}"}}
[debug] [2021-11-13T20:24:47.536Z] [runtime-status] [8789] Disabled runtime features: undefined {"metadata":{"emulator":{"name":"functions"},"message":"[runtime-status] [8789] Disabled runtime features: undefined"}}
[debug] [2021-11-13T20:24:47.541Z] [runtime-status] [8789] Resolved module firebase-admin {"declared":true,"installed":true,"version":"9.12.0","resolution":"/Users/davidkremenitzer/Desktop/amazon-clone /functions/node_modules/firebase-admin/lib/index.js"} {"metadata":{"emulator":{"name":"functions"},"message":"[runtime-status] [8789] Resolved module firebase-admin {\"declared\":true,\"installed\":true,\"version\":\"9.12.0\",\"resolution\":\"/Users/davidkremenitzer/Desktop/amazon-clone /functions/node_modules/firebase-admin/lib/index.js\"}"}}
[debug] [2021-11-13T20:24:47.547Z] [runtime-status] [8789] Resolved module firebase-functions {"declared":true,"installed":true,"version":"3.16.0","resolution":"/Users/davidkremenitzer/Desktop/amazon-clone /functions/node_modules/firebase-functions/lib/index.js"} {"metadata":{"emulator":{"name":"functions"},"message":"[runtime-status] [8789] Resolved module firebase-functions {\"declared\":true,\"installed\":true,\"version\":\"3.16.0\",\"resolution\":\"/Users/davidkremenitzer/Desktop/amazon-clone /functions/node_modules/firebase-functions/lib/index.js\"}"}}
[debug] [2021-11-13T20:24:47.549Z] [runtime-status] [8789] Outgoing network have been stubbed. [{"name":"http","status":"mocked"},{"name":"http","status":"mocked"},{"name":"https","status":"mocked"},{"name":"https","status":"mocked"},{"name":"net","status":"mocked"}] {"metadata":{"emulator":{"name":"functions"},"message":"[runtime-status] [8789] Outgoing network have been stubbed. [{\"name\":\"http\",\"status\":\"mocked\"},{\"name\":\"http\",\"status\":\"mocked\"},{\"name\":\"https\",\"status\":\"mocked\"},{\"name\":\"https\",\"status\":\"mocked\"},{\"name\":\"net\",\"status\":\"mocked\"}]"}}
[debug] [2021-11-13T20:24:47.551Z] [runtime-status] [8789] Resolved module firebase-functions {"declared":true,"installed":true,"version":"3.16.0","resolution":"/Users/davidkremenitzer/Desktop/amazon-clone /functions/node_modules/firebase-functions/lib/index.js"} {"metadata":{"emulator":{"name":"functions"},"message":"[runtime-status] [8789] Resolved module firebase-functions {\"declared\":true,\"installed\":true,\"version\":\"3.16.0\",\"resolution\":\"/Users/davidkremenitzer/Desktop/amazon-clone /functions/node_modules/firebase-functions/lib/index.js\"}"}}
[debug] [2021-11-13T20:24:47.658Z] [runtime-status] [8789] Checked functions.config() {"config":{}} {"metadata":{"emulator":{"name":"functions"},"message":"[runtime-status] [8789] Checked functions.config() {\"config\":{}}"}}
[debug] [2021-11-13T20:24:47.658Z] [runtime-status] [8789] firebase-functions has been stubbed. {"functionsResolution":{"declared":true,"installed":true,"version":"3.16.0","resolution":"/Users/davidkremenitzer/Desktop/amazon-clone /functions/node_modules/firebase-functions/lib/index.js"}} {"metadata":{"emulator":{"name":"functions"},"message":"[runtime-status] [8789] firebase-functions has been stubbed. {\"functionsResolution\":{\"declared\":true,\"installed\":true,\"version\":\"3.16.0\",\"resolution\":\"/Users/davidkremenitzer/Desktop/amazon-clone /functions/node_modules/firebase-functions/lib/index.js\"}}"}}
[debug] [2021-11-13T20:24:47.659Z] [runtime-status] [8789] Resolved module firebase-functions {"declared":true,"installed":true,"version":"3.16.0","resolution":"/Users/davidkremenitzer/Desktop/amazon-clone /functions/node_modules/firebase-functions/lib/index.js"} {"metadata":{"emulator":{"name":"functions"},"message":"[runtime-status] [8789] Resolved module firebase-functions {\"declared\":true,\"installed\":true,\"version\":\"3.16.0\",\"resolution\":\"/Users/davidkremenitzer/Desktop/amazon-clone /functions/node_modules/firebase-functions/lib/index.js\"}"}}
[debug] [2021-11-13T20:24:47.660Z] [runtime-status] [8789] Resolved module firebase-admin {"declared":true,"installed":true,"version":"9.12.0","resolution":"/Users/davidkremenitzer/Desktop/amazon-clone /functions/node_modules/firebase-admin/lib/index.js"} {"metadata":{"emulator":{"name":"functions"},"message":"[runtime-status] [8789] Resolved module firebase-admin {\"declared\":true,\"installed\":true,\"version\":\"9.12.0\",\"resolution\":\"/Users/davidkremenitzer/Desktop/amazon-clone /functions/node_modules/firebase-admin/lib/index.js\"}"}}
[debug] [2021-11-13T20:24:47.660Z] [runtime-status] [8789] Resolved module firebase-functions {"declared":true,"installed":true,"version":"3.16.0","resolution":"/Users/davidkremenitzer/Desktop/amazon-clone /functions/node_modules/firebase-functions/lib/index.js"} {"metadata":{"emulator":{"name":"functions"},"message":"[runtime-status] [8789] Resolved module firebase-functions {\"declared\":true,\"installed\":true,\"version\":\"3.16.0\",\"resolution\":\"/Users/davidkremenitzer/Desktop/amazon-clone /functions/node_modules/firebase-functions/lib/index.js\"}"}}
[debug] [2021-11-13T20:24:47.660Z] [runtime-status] [8789] firebase-admin has been stubbed. {"adminResolution":{"declared":true,"installed":true,"version":"9.12.0","resolution":"/Users/davidkremenitzer/Desktop/amazon-clone /functions/node_modules/firebase-admin/lib/index.js"}} {"metadata":{"emulator":{"name":"functions"},"message":"[runtime-status] [8789] firebase-admin has been stubbed. {\"adminResolution\":{\"declared\":true,\"installed\":true,\"version\":\"9.12.0\",\"resolution\":\"/Users/davidkremenitzer/Desktop/amazon-clone /functions/node_modules/firebase-admin/lib/index.js\"}}"}}
[info] ✔  functions[us-central1-api]: http function initialized (http://localhost:5001/clone-a85db/us-central1/api). {"metadata":{"emulator":{"name":"functions"},"message":"\u001b[1mhttp\u001b[22m function initialized (http://localhost:5001/clone-a85db/us-central1/api)."}}
[info] 
┌─────────────────────────────────────────────────────────────┐
│ ✔  All emulators ready! It is now safe to connect your app. │
│ i  View Emulator UI at http://localhost:4000                │
└─────────────────────────────────────────────────────────────┘

┌───────────┬────────────────┬─────────────────────────────────┐
│ Emulator  │ Host:Port      │ View in Emulator UI             │
├───────────┼────────────────┼─────────────────────────────────┤
│ Functions │ localhost:5001 │ http://localhost:4000/functions │
├───────────┼────────────────┼─────────────────────────────────┤
│ Hosting   │ localhost:5000 │ n/a                             │
└───────────┴────────────────┴─────────────────────────────────┘
  Emulator Hub running at localhost:4400
  Other reserved ports: 4500

Issues? Report them at https://github.com/firebase/firebase-tools/issues and attach the *-debug.log files.
 
[debug] [2021-11-13T20:24:48.026Z] [worker-~diagnostic~-b009762f-d335-48f8-b686-dad21e4a9974]: IDLE {"metadata":{"emulator":{"name":"functions"},"message":"[worker-~diagnostic~-b009762f-d335-48f8-b686-dad21e4a9974]: IDLE"}}
